
 0) Exit

 1) Bubble sort
 2) Insertion sort
 3) Quick sort
 4) Linear serch
 5) Binary search

> Calculating...

Pass 1/5 done
Pass 2/5 done
Pass 3/5 done
Pass 4/5 done
Pass 5/5 done
BinarySearch:

Best:
Size(N)	Time(T)			T/1			T/logN			T/(N/2)
10000	0.0000016976000	|	1.6976000000e-06	4.2440000000e-07	3.3952000000e-10	
20000	0.0000005644000	|	5.6440000000e-07	1.3122438127e-07	5.6440000000e-11	
40000	0.0000005620000	|	5.6200000000e-07	1.2211922510e-07	2.8100000000e-11	
80000	0.0000006560000	|	6.5600000000e-07	1.3379317976e-07	1.6400000000e-11	
160000	0.0000007440000	|	7.4400000000e-07	1.4296365235e-07	9.3000000000e-12	

Average:
Size(N)	Time(T)			T/1			T/logN			T/(N/2)
10000	0.0000009594000	|	9.5940000000e-07	2.3985000000e-07	1.9188000000e-10	
20000	0.0000005556000	|	5.5560000000e-07	1.2917835973e-07	5.5560000000e-11	
40000	0.0000005602000	|	5.6020000000e-07	1.2172809591e-07	2.8010000000e-11	
80000	0.0000006424000	|	6.4240000000e-07	1.3101941871e-07	1.6060000000e-11	
160000	0.0000006986000	|	6.9860000000e-07	1.3423979507e-07	8.7325000000e-12	

Worst:
Size(N)	Time(T)			T/1			T/logN			T/(N/2)
10000	0.0000005742000	|	5.7420000000e-07	1.4355000000e-07	1.1484000000e-10	
20000	0.0000005554000	|	5.5540000000e-07	1.2913185924e-07	5.5540000000e-11	
40000	0.0000005984000	|	5.9840000000e-07	1.3002872651e-07	2.9920000000e-11	
80000	0.0000006372000	|	6.3720000000e-07	1.2995886302e-07	1.5930000000e-11	
160000	0.0000006710000	|	6.7100000000e-07	1.2893630474e-07	8.3875000000e-12	

> 