
 0) Exit

 1) Bubble sort
 2) Insertion sort
 3) Quick sort
 4) Linear serch
 5) Binary search

> Calculating...

Pass 1/5 done
Pass 2/5 done
Pass 3/5 done
Pass 4/5 done
Pass 5/5 done
BubbleSort:

Best:
Size(N)	Time(T)			T/(N/2)			T/N			T/NlogN
1000	0.0000073333333	|	1.4666666667e-08	7.3333333333e-09	2.4444444444e-09	
2000	0.0000022666667	|	2.2666666667e-09	1.1333333333e-09	3.4332718419e-10	
4000	0.0000039333333	|	1.9666666667e-09	9.8333333333e-10	2.7299193675e-10	
8000	0.0000073333333	|	1.8333333333e-09	9.1666666667e-10	2.3485665709e-10	
16000	0.0000140666667	|	1.7583333333e-09	8.7916666667e-10	2.0912026067e-10	

Average:
Size(N)	Time(T)			T/NlogN			T/N²			T/N³
1000	0.0025803333333	|	8.6011111111e-07	2.5803333333e-09	2.5803333333e-12	
2000	0.0030592666667	|	4.6338062221e-07	7.6481666667e-10	3.8240833333e-13	
4000	0.0145073333333	|	1.0068775484e-06	9.0670833333e-10	2.2667708333e-13	
8000	0.0778887333333	|	2.4944573912e-06	1.2170114583e-09	1.5212643229e-13	
16000	0.3634466000000	|	5.4031313554e-06	1.4197132812e-09	8.8732080078e-14	

Worst:
Size(N)	Time(T)			T/NlogN			T/N²			T/N³
1000	0.0011764000000	|	3.9213333333e-07	1.1764000000e-09	1.1764000000e-12	
2000	0.0038879333333	|	5.8889700161e-07	9.7198333333e-10	4.8599166667e-13	
4000	0.0159728000000	|	1.1085878663e-06	9.9830000000e-10	2.4957500000e-13	
8000	0.0626120000000	|	2.0052061382e-06	9.7831250000e-10	1.2228906250e-13	
16000	0.2507077333333	|	3.7271137356e-06	9.7932708333e-10	6.1207942708e-14	

> 