
 0) Exit

 1) Bubble sort
 2) Insertion sort
 3) Quick sort
 4) Linear serch
 5) Binary search

> Calculating...

Pass 1/5 done
Pass 2/5 done
Pass 3/5 done
Pass 4/5 done
Pass 5/5 done
InsertionSort:

Best:
Size(N)	Time(T)			T/(N/2)			T/N			T/NlogN
1000	0.0000042000000	|	8.4000000000e-09	4.2000000000e-09	1.4000000000e-09	
2000	0.0000147333333	|	1.4733333333e-08	7.3666666667e-09	2.2316266972e-09	
4000	0.0000041333333	|	2.0666666667e-09	1.0333333333e-09	2.8687288269e-10	
8000	0.0000080000000	|	2.0000000000e-09	1.0000000000e-09	2.5620726228e-10	
16000	0.0000151333333	|	1.8916666667e-09	9.4583333333e-10	2.2497772120e-10	

Average:
Size(N)	Time(T)			T/NlogN			T/N²			T/N³
1000	0.0003960666667	|	1.3202222222e-07	3.9606666667e-10	3.9606666667e-13	
2000	0.0013124666667	|	1.9879653750e-07	3.2811666667e-10	1.6405833333e-13	
4000	0.0017096666667	|	1.1865895285e-07	1.0685416667e-10	2.6713541667e-14	
8000	0.0068086000000	|	2.1805159575e-07	1.0638437500e-10	1.3298046875e-14	
16000	0.0275569333333	|	4.0967154611e-07	1.0764427083e-10	6.7277669271e-15	

Worst:
Size(N)	Time(T)			T/NlogN			T/N²			T/N³
1000	0.0007964000000	|	2.6546666667e-07	7.9640000000e-10	7.9640000000e-13	
2000	0.0011332666667	|	1.7165349424e-07	2.8331666667e-10	1.4165833333e-13	
4000	0.0033753333333	|	2.3426409759e-07	2.1095833333e-10	5.2739583333e-14	
8000	0.0137245333333	|	4.3954063893e-07	2.1444583333e-10	2.6805729167e-14	
16000	0.0543223333333	|	8.0757586542e-07	2.1219661458e-10	1.3262288411e-14	

> 