
 0) Exit

 1) Bubble sort
 2) Insertion sort
 3) Quick sort
 4) Linear serch
 5) Binary search

> Calculating...

Pass 1/5 done
Pass 2/5 done
Pass 3/5 done
Pass 4/5 done
Pass 5/5 done
LinearSearch:

Best:
Size(N)	Time(T)			T/1			T/logN			T/(N/2)
10000	0.0000018160000	|	1.8160000000e-06	4.5400000000e-07	3.6320000000e-10	
20000	0.0000005350000	|	5.3500000000e-07	1.2438880932e-07	5.3500000000e-11	
40000	0.0000005440000	|	5.4400000000e-07	1.1820793319e-07	2.7200000000e-11	
80000	0.0000006186000	|	6.1860000000e-07	1.2616533689e-07	1.5465000000e-11	
160000	0.0000006484000	|	6.4840000000e-07	1.2459359165e-07	8.1050000000e-12	

Average:
Size(N)	Time(T)			T/logN			T/(N/2)			T/N
10000	0.0000035486000	|	8.8715000000e-07	7.0972000000e-10	3.5486000000e-10	
20000	0.0000064292000	|	1.4948047343e-06	6.4292000000e-10	3.2146000000e-10	
40000	0.0000119074000	|	2.5874065141e-06	5.9537000000e-10	2.9768500000e-10	
80000	0.0000237766000	|	4.8493093260e-06	5.9441500000e-10	2.9720750000e-10	
160000	0.0000471272000	|	9.0557481682e-06	5.8909000000e-10	2.9454500000e-10	

Worst:
Size(N)	Time(T)			T/(N/2)			T/N			T/NlogN
10000	0.0000037972000	|	7.5944000000e-10	3.7972000000e-10	9.4930000000e-11	
20000	0.0000062288000	|	6.2288000000e-10	3.1144000000e-10	7.2410562194e-11	
40000	0.0000119214000	|	5.9607000000e-10	2.9803500000e-10	6.4761215752e-11	
80000	0.0000238834000	|	5.9708500000e-10	2.9854250000e-10	6.0888643854e-11	
160000	0.0000473324000	|	5.9165500000e-10	2.9582750000e-10	5.6844865412e-11	

> 