
 0) Exit

 1) Bubble sort
 2) Insertion sort
 3) Quick sort
 4) Linear serch
 5) Binary search

> Calculating...

Pass 1/5 done
Pass 2/5 done
Pass 3/5 done
Pass 4/5 done
Pass 5/5 done
QuickSort:

Best:
Size(N)	Time(T)			T/N			T/NlogN			T/N²
1000	0.0001440000000	|	1.4400000000e-07	4.8000000000e-08	1.4400000000e-10	
2000	0.0001903333333	|	9.5166666667e-08	2.8829385613e-08	4.7583333333e-11	
4000	0.0001746000000	|	4.3650000000e-08	1.2118065803e-08	1.0912500000e-11	
8000	0.0003748666667	|	4.6858333333e-08	1.2005445298e-08	5.8572916667e-12	
16000	0.0008059333333	|	5.0370833333e-08	1.1981302518e-08	3.1481770833e-12	

Average:
Size(N)	Time(T)			T/N			T/NlogN			T/N²
1000	0.0001413333333	|	1.4133333333e-07	4.7111111111e-08	1.4133333333e-10	
2000	0.0001549333333	|	7.7466666667e-08	2.3467422825e-08	3.8733333333e-11	
4000	0.0001743333333	|	4.3583333333e-08	1.2099557875e-08	1.0895833333e-11	
8000	0.0003743333333	|	4.6791666667e-08	1.1988364814e-08	5.8489583333e-12	
16000	0.0008056666667	|	5.0354166667e-08	1.1977338153e-08	3.1471354167e-12	

Worst:
Size(N)	Time(T)			T/NlogN			T/N²			T/N³
1000	0.0014226666667	|	4.7422222222e-07	1.4226666667e-09	1.4226666667e-12	
2000	0.0017459333333	|	2.6445281255e-07	4.3648333333e-10	2.1824166667e-13	
4000	0.0056886000000	|	3.9481574527e-07	3.5553750000e-10	8.8884375000e-14	
8000	0.0238275333333	|	7.6309838528e-07	3.7230520833e-10	4.6538151042e-14	
16000	0.0928808666667	|	1.3808012594e-06	3.6281588542e-10	2.2675992839e-14	

> 